<?xml version="1.0" encoding="UTF-8"?>
<!-- Generated by org.testng.reporters.JUnitXMLReporter -->
<testsuite ignored="0" hostname="NIMMALA" failures="0" tests="3" name="Default test" time="4.406" errors="0" timestamp="2025-02-02T17:49:44 IST">
  <testcase classname="restAssuredapi.testType2.oAuthTwoZero.TC1_AuthAccess_To_Test_DB" name="TC01_Step1_GenerateToken" time="3.052"/>
  <testcase classname="restAssuredapi.testType2.oAuthTwoZero.TC1_AuthAccess_To_Test_DB" name="TC01_Step2_Verify_CoursesDB" time="1.287"/>
  <testcase classname="restAssuredapi.testType2.oAuthTwoZero.TC1_AuthAccess_To_Test_DB" name="TC01_Step3_Verify_DataInNodeWise" time="0.009"/>
</testsuite> <!-- Default test -->
